
ROM used:   1129/8192 (14%)
            1129/8192 (14%) including unused fragments

            0.9 Average locations per line
            9.0 Average locations per statement

RAM used:   9/368 (2%) at main() level
            27/368 (7%) worst case

Stack used: 6 worst case (6 in main + 0 for interrupts)
Stack size: 8

Lines Stmts  %   Files
----- ----- ---  -----
   51    26  21  CambiennhietdoLM35.c
  768     0   0  C:\Program Files (x86)\PICC\devices\16F887.H
  456   100  79  C:\Program Files (x86)\PICC\drivers\LCD.C
----- -----
 1275   126 Total

Page ROM  %  RAM   Vol Diff  Functions:
---- --- --- ---   --- ----  ----------
0     20   2    1             @delay_ms1
 Inline         3   760  4.5  lcd_read_byte
0     49   4    2   262  3.7  lcd_read_nibble
0     48   4    1   399  2.4  lcd_send_nibble
0     94   8    3   415  3.7  lcd_send_byte
0     70   6    6   852  6.2  lcd_init
0     18   2    4   208  6.3  lcd_gotoxy
0     44   4    1   354  4.7  lcd_putc
0     13   1    0    43  1.3  HIENTHI_DONHIETDO
0      6   1    0             @const658
0     86   8    4             @PSTRINGC7_644
0    192  17    2   650  5.5  MAIN
0     31   3    2             @ITOF
0    204  18   14             @DIVFF
0     33   3    4             @SFTOI
0      7   1    0             @const671
0     89   8    5             @PSTRINGCN7_644
0    101   9    9             @PRINTF_LU_644
0     10   1    0             @const676
0     10   1    0             @const677
 Inline         0             @cinit1

Program metrics:
    Functions               9
    Statements              126
    Comments                232
    Volume (V)              6033
    Difficulty (D)          36.8
    Effort to implement (E) 222271
    Time to implement (T)   3 hours, 26 minutes
    Est Delivered Bugs (B)  1
    Cyclomatic Complexity   9
    Maintainability (MI)    144

 Segment     Used  Free
-----------  ----  ----
00000-00003     4  0  
00004-007FF  1125  919  
00800-00FFF     0  2048  
01000-017FF     0  2048  
01800-01FFF     0  2048  



