
ROM used:   504/8192 (6%)
            504/8192 (6%) including unused fragments

            0.6 Average locations per line
            8.1 Average locations per statement

RAM used:   33/368 (9%) at main() level
            57/368 (15%) worst case

Stack used: 3 worst case (3 in main + 0 for interrupts)
Stack size: 8

Lines Stmts  %   Files
----- ----- ---  -----
  108    62 100  btap5_vxl.c
  768     0   0  C:\Program Files (x86)\PICC\devices\16f887.h
----- -----
  876    62 Total

Page ROM  %  RAM   Vol Diff  Functions:
---- --- --- ---   --- ----  ----------
0     20   4    1             @delay_ms1
0     49  10    1   307  4.6  hienthi
0     66  13    9   455  5.2  hienthimssv
0     33   7    2   208  4.5  demgiay
0     21   4    3             @DIV88
0     72  14    3   614  7.2  demlenxuongdongthoi
0     37   7    4             @DIVS88
0     69  14   24   502  4.8  chaychu_hello
0     12   2    0             @const649
0     53  11    3   471  5.7  chaychu_cocacola
0     68  13    0   116  1.7  MAIN
 Inline         0             @cinit1

Program metrics:
    Functions               7
    Statements              62
    Comments                135
    Volume (V)              3997
    Difficulty (D)          33.1
    Effort to implement (E) 132194
    Time to implement (T)   2 hours, 2 minutes
    Est Delivered Bugs (B)  1
    Cyclomatic Complexity   13
    Maintainability (MI)    127

 Segment     Used  Free
-----------  ----  ----
00000-00003     4  0  
00004-007FF   500  1544  
00800-00FFF     0  2048  
01000-017FF     0  2048  
01800-01FFF     0  2048  



