
ROM used:   370/8192 (5%)
            370/8192 (5%) including unused fragments

            0.4 Average locations per line
            6.3 Average locations per statement

RAM used:   12/368 (3%) at main() level
            16/368 (4%) worst case

Stack used: 3 worst case (3 in main + 0 for interrupts)
Stack size: 8

Lines Stmts  %   Files
----- ----- ---  -----
   96    59 100  DieukhienDC_PWM.c
  768     0   0  C:\Program Files (x86)\PICC\devices\16F887.H
----- -----
  864    59 Total

Page ROM  %  RAM   Vol Diff  Functions:
---- --- --- ---   --- ----  ----------
0     20   5    1             @delay_ms1
0     14   4    0             @const620
0     44  12    3    72  2.4  HIENTHI_MA7DOAN_THEOCAPDO
0     37  10    5             @DIV1616
0     29   8    1   258  4.1  KT_START_STOP
0     35   9    1   216  4.0  KT_UP
0     33   9    1   216  4.0  KT_DW
0    131  35    1   511  4.3  MAIN
0     23   6    5             @MUL1616
 Inline         0             @cinit1

Program metrics:
    Functions               5
    Statements              59
    Comments                133
    Volume (V)              1828
    Difficulty (D)          18.3
    Effort to implement (E) 33471
    Time to implement (T)   31 minutes
    Est Delivered Bugs (B)  0
    Cyclomatic Complexity   10
    Maintainability (MI)    149

 Segment     Used  Free
-----------  ----  ----
00000-00003     4  0  
00004-007FF   366  1678  
00800-00FFF     0  2048  
01000-017FF     0  2048  
01800-01FFF     0  2048  



