
ROM used:   622/8192 (8%)
            622/8192 (8%) including unused fragments

            0.8 Average locations per line
            23.0 Average locations per statement

RAM used:   25/368 (7%) at main() level
            41/368 (11%) worst case

Stack used: 2 worst case (1 in main + 1 for interrupts)
Stack size: 8

Lines Stmts  %   Files
----- ----- ---  -----
   56    27 100  Ngat timer hien thi nhiet do.c
  768     0   0  C:\Program Files (x86)\PICC\devices\16F887.H
----- -----
  824    27 Total

Page ROM  %  RAM   Vol Diff  Functions:
---- --- --- ---   --- ----  ----------
0     20   3    1             @delay_ms1
 Inline         1             @delay_us1
0     14   2    0   271  5.1  @const620
 Inline         3   271  5.1  HIENTHI_8L7DQ
0     67  11    0    32  1.2  NGAT_TIMER1_QUETLED
0    167  27    2   493  4.7  MAIN
0     31   5    2             @ITOF
0    204  33   14             @DIVFF
0     33   5    4             @SFTOI
0     37   6    5             @DIV1616
 Inline         0   510  3.9  @cinit1

Program metrics:
    Functions               5
    Statements              27
    Comments                138
    Volume (V)              2192
    Difficulty (D)          19.2
    Effort to implement (E) 42072
    Time to implement (T)   39 minutes
    Est Delivered Bugs (B)  0
    Cyclomatic Complexity   2
    Maintainability (MI)    160

 Segment     Used  Free
-----------  ----  ----
00000-00003     4  0  
00004-00030    45  0  
00031-007FF   573  1426  
00800-00FFF     0  2048  
01000-017FF     0  2048  
01800-01FFF     0  2048  



