
ROM used:   620/8192 (8%)
            620/8192 (8%) including unused fragments

            0.5 Average locations per line
            5.5 Average locations per statement

RAM used:   8/368 (2%) at main() level
            22/368 (6%) worst case

Stack used: 5 worst case (5 in main + 0 for interrupts)
Stack size: 8

Lines Stmts  %   Files
----- ----- ---  -----
   29    12  11  HienthiLCD_BTAP07.c
  768     0   0  C:\Program Files (x86)\PICC\devices\16F887.H
  456   100  89  C:\Program Files (x86)\PICC\drivers\LCD.C
----- -----
 1253   112 Total

Page ROM  %  RAM   Vol Diff  Functions:
---- --- --- ---   --- ----  ----------
0     20   3    1             @delay_ms1
 Inline         3   760  4.5  lcd_read_byte
0     49   8    2   262  3.7  lcd_read_nibble
0     48   8    1   399  2.4  lcd_send_nibble
0     94  15    3   415  3.7  lcd_send_byte
0     70  11    6   852  6.2  lcd_init
0     18   3    4   208  6.3  lcd_gotoxy
0     44   7    1   354  4.7  lcd_putc
0    100  16    0   455  3.7  MAIN
0     11   2    0             @const662
0     88  14    4             @PSTRINGC7_644
0     21   3    3             @DIV88
0     53   9    2             @PRINTF_U_644
 Inline         0             @cinit1

Program metrics:
    Functions               8
    Statements              112
    Comments                232
    Volume (V)              5618
    Difficulty (D)          34.0
    Effort to implement (E) 190798
    Time to implement (T)   2 hours, 57 minutes
    Est Delivered Bugs (B)  1
    Cyclomatic Complexity   11
    Maintainability (MI)    138

 Segment     Used  Free
-----------  ----  ----
00000-00003     4  0  
00004-007FF   616  1428  
00800-00FFF     0  2048  
01000-017FF     0  2048  
01800-01FFF     0  2048  



