
ROM used:   1399/8192 (17%)
            1399/8192 (17%) including unused fragments

            1.1 Average locations per line
            11.0 Average locations per statement

RAM used:   23/368 (6%) at main() level
            52/368 (14%) worst case

Stack used: 9 worst case (4 in main + 5 for interrupts)
Stack size: 8

Lines Stmts  %   Files
----- ----- ---  -----
   56    27  21  Baitap12_MCU02.c
  768     0   0  C:\Program Files (x86)\PICC\devices\16F887.H
  456   100  79  C:\Program Files (x86)\PICC\drivers\LCD.C
----- -----
 1280   127 Total

Page ROM  %  RAM   Vol Diff  Functions:
---- --- --- ---   --- ----  ----------
0     20   1    1             @delay_ms1
 Inline         3   760  4.5  lcd_read_byte
 Inline         2   262  3.7  lcd_read_nibble
0     48   3    1   399  2.4  lcd_send_nibble
0    188  13    3   415  3.7  lcd_send_byte
0    106   8    6   852  6.2  lcd_init
0     18   1    4   208  6.3  lcd_gotoxy
0     44   3    1   354  4.7  lcd_putc
0    219  16    0   160  2.1  RECIEVE_DATA
0      7   1    0             @const663
 Inline         5             @PSTRINGCN7_647
 Inline         3   518  3.7  @DIV88
 Inline         2             @PRINTF_U_647
0    393  28    2   546  3.7  MAIN
0     31   2    2             @ITOF
0    204  15   14             @DIVFF
0     33   2    4             @SFTOI
0      7   1    0             @const682
 Inline         0             @cinit1

Program metrics:
    Functions               10
    Statements              127
    Comments                232
    Volume (V)              7034
    Difficulty (D)          39.3
    Effort to implement (E) 276774
    Time to implement (T)   4 hours, 16 minutes
    Est Delivered Bugs (B)  1
    Cyclomatic Complexity   8
    Maintainability (MI)    142

 Segment     Used  Free
-----------  ----  ----
00000-00003     4  0  
00004-00050    77  0  
00051-007FF  1318  649  
00800-00FFF     0  2048  
01000-017FF     0  2048  
01800-01FFF     0  2048  



