
ROM used:   110/8192 (1%)
            110/8192 (1%) including unused fragments

            0.1 Average locations per line
            4.2 Average locations per statement

RAM used:   6/368 (2%) at main() level
            6/368 (2%) worst case

Stack used: 1 worst case (1 in main + 0 for interrupts)
Stack size: 8

Lines Stmts  %   Files
----- ----- ---  -----
   41    26 100  Btap01_DK NUT NHAN THEO 2 DEN.c
  768     0   0  C:\Program Files (x86)\PICC\devices\16F887.H
----- -----
  809    26 Total

Page ROM  %  RAM   Vol Diff  Functions:
---- --- --- ---   --- ----  ----------
0     20  18    1             @delay_ms1
0     86  78    1   596  4.3  MAIN
 Inline         0             @cinit1

Program metrics:
    Functions               1
    Statements              26
    Comments                130
    Volume (V)              601
    Difficulty (D)          4.1
    Effort to implement (E) 2470
    Time to implement (T)   2 minutes
    Est Delivered Bugs (B)  0
    Cyclomatic Complexity   6
    Maintainability (MI)    37

 Segment     Used  Free
-----------  ----  ----
00000-00003     4  0  
00004-007FF   106  1938  
00800-00FFF     0  2048  
01000-017FF     0  2048  
01800-01FFF     0  2048  



